arnav/launcher/build/intermediates/manifest_merge_blame_file/debug/manifest-merger-blame-debug-report.txt
1<?xml version="1.0" encoding="utf-8"?>
2<!-- GENERATED BY UNITY. REMOVE THIS COMMENT TO PREVENT OVERWRITING WHEN EXPORTING AGAIN -->
3<manifest xmlns:android="http://schemas.android.com/apk/res/android"
4    package="com.capstone.arnavplz"
5    android:installLocation="preferExternal"
6    android:versionCode="1"
7    android:versionName="0.1" >
8
9    <uses-sdk
10        android:minSdkVersion="24"
10-->src/main/AndroidManifest.xml
11        android:targetSdkVersion="29" />
11-->src/main/AndroidManifest.xml
12
13    <supports-screens
13-->src/main/AndroidManifest.xml:4:3-163
14        android:anyDensity="true"
14-->src/main/AndroidManifest.xml:4:135-160
15        android:largeScreens="true"
15-->src/main/AndroidManifest.xml:4:78-105
16        android:normalScreens="true"
16-->src/main/AndroidManifest.xml:4:49-77
17        android:smallScreens="true"
17-->src/main/AndroidManifest.xml:4:21-48
18        android:xlargeScreens="true" />
18-->src/main/AndroidManifest.xml:4:106-134
19
20    <uses-feature android:glEsVersion="0x00030000" />
20-->[:unityLibrary] AndroidManifest.xml:9:5-54
20-->[:unityLibrary] AndroidManifest.xml:9:19-51
21
22    <uses-permission android:name="android.permission.CAMERA" />
22-->[:unityLibrary] AndroidManifest.xml:11:5-65
22-->[:unityLibrary] AndroidManifest.xml:11:22-62
23    <uses-permission android:name="android.permission.INTERNET" />
23-->[:unityLibrary] AndroidManifest.xml:12:5-67
23-->[:unityLibrary] AndroidManifest.xml:12:22-64
24    <uses-permission android:name="android.permission.CHANGE_WIFI_MULTICAST_STATE" />
24-->[:unityLibrary] AndroidManifest.xml:13:5-86
24-->[:unityLibrary] AndroidManifest.xml:13:22-83
25    <uses-permission android:name="android.permission.ACCESS_FINE_LOCATION" />
25-->[:unityLibrary] AndroidManifest.xml:14:5-79
25-->[:unityLibrary] AndroidManifest.xml:14:22-76
26
27    <uses-feature
27-->[:unityLibrary] AndroidManifest.xml:16:5-18:36
28        android:name="android.hardware.location.gps"
28-->[:unityLibrary] AndroidManifest.xml:17:9-53
29        android:required="true" />
29-->[:unityLibrary] AndroidManifest.xml:18:9-33
30    <uses-feature
30-->[:unityLibrary] AndroidManifest.xml:19:5-21:36
31        android:name="android.hardware.location"
31-->[:unityLibrary] AndroidManifest.xml:20:9-49
32        android:required="false" />
32-->[:unityLibrary] AndroidManifest.xml:21:9-33
33    <uses-feature
33-->[:unityLibrary] AndroidManifest.xml:22:5-24:36
34        android:name="android.hardware.touchscreen"
34-->[:unityLibrary] AndroidManifest.xml:23:9-52
35        android:required="false" />
35-->[:unityLibrary] AndroidManifest.xml:24:9-33
36    <uses-feature
36-->[:unityLibrary] AndroidManifest.xml:25:5-27:36
37        android:name="android.hardware.touchscreen.multitouch"
37-->[:unityLibrary] AndroidManifest.xml:26:9-63
38        android:required="false" />
38-->[:unityLibrary] AndroidManifest.xml:27:9-33
39    <uses-feature
39-->[:unityLibrary] AndroidManifest.xml:28:5-30:36
40        android:name="android.hardware.touchscreen.multitouch.distinct"
40-->[:unityLibrary] AndroidManifest.xml:29:9-72
41        android:required="false" />
41-->[:unityLibrary] AndroidManifest.xml:30:9-33
42
43    <uses-permission android:name="android.permission.ACCESS_COARSE_LOCATION" />
43-->[:com.mapbox.android.unity-debug:] AndroidManifest.xml:12:5-81
43-->[:com.mapbox.android.unity-debug:] AndroidManifest.xml:12:22-78
44
45    <uses-feature
45-->[:google_ar_required:] AndroidManifest.xml:9:5-86
46        android:name="android.hardware.camera.ar"
46-->[:google_ar_required:] AndroidManifest.xml:9:19-60
47        android:required="true" />
47-->[:google_ar_required:] AndroidManifest.xml:9:61-84
48
49    <uses-permission android:name="android.permission.WRITE_EXTERNAL_STORAGE" />
50    <uses-permission android:name="android.permission.READ_PHONE_STATE" />
51    <uses-permission android:name="android.permission.READ_EXTERNAL_STORAGE" />
52    <uses-permission android:name="android.permission.ACCESS_NETWORK_STATE" /> <!-- Required for CrashReporterJobIntentService on API levels below 25 -->
52-->[:libcore-release:] AndroidManifest.xml:12:5-79
52-->[:libcore-release:] AndroidManifest.xml:12:22-76
53    <uses-permission android:name="android.permission.WAKE_LOCK" />
53-->[:libtelemetry-full-release:] AndroidManifest.xml:12:5-68
53-->[:libtelemetry-full-release:] AndroidManifest.xml:12:22-65
54    <uses-permission android:name="android.permission.ACCESS_WIFI_STATE" />
54-->[:libtelemetry-full-release:] AndroidManifest.xml:15:5-76
54-->[:libtelemetry-full-release:] AndroidManifest.xml:15:22-73
55
56    <application
56-->src/main/AndroidManifest.xml:5:3-83
57        android:debuggable="true"
58        android:extractNativeLibs="false"
59        android:icon="@mipmap/app_icon"
59-->src/main/AndroidManifest.xml:5:49-80
60        android:label="@string/app_name"
60-->src/main/AndroidManifest.xml:5:16-48
61        android:testOnly="true" >
62        <activity
62-->[:unityLibrary] AndroidManifest.xml:33:9-53:20
63            android:name="com.unity3d.player.UnityPlayerActivity"
63-->[:unityLibrary] AndroidManifest.xml:34:13-66
64            android:configChanges="mcc|mnc|locale|touchscreen|keyboard|keyboardHidden|navigation|orientation|screenLayout|uiMode|screenSize|smallestScreenSize|fontScale|layoutDirection|density"
64-->[:unityLibrary] AndroidManifest.xml:35:13-194
65            android:hardwareAccelerated="false"
65-->[:unityLibrary] AndroidManifest.xml:36:13-48
66            android:launchMode="singleTask"
66-->[:unityLibrary] AndroidManifest.xml:37:13-44
67            android:resizeableActivity="false"
67-->[:unityLibrary] AndroidManifest.xml:38:13-47
68            android:screenOrientation="portrait"
68-->[:unityLibrary] AndroidManifest.xml:39:13-49
69            android:theme="@style/UnityThemeSelector" >
69-->[:unityLibrary] AndroidManifest.xml:40:13-54
70            <intent-filter>
70-->[:unityLibrary] AndroidManifest.xml:41:13-45:29
71                <action android:name="android.intent.action.MAIN" />
71-->[:unityLibrary] AndroidManifest.xml:42:17-69
71-->[:unityLibrary] AndroidManifest.xml:42:25-66
72
73                <category android:name="android.intent.category.LAUNCHER" />
73-->[:unityLibrary] AndroidManifest.xml:44:17-77
73-->[:unityLibrary] AndroidManifest.xml:44:27-74
74            </intent-filter>
75
76            <meta-data
76-->[:unityLibrary] AndroidManifest.xml:47:13-49:40
77                android:name="unityplayer.UnityActivity"
77-->[:unityLibrary] AndroidManifest.xml:48:17-57
78                android:value="true" />
78-->[:unityLibrary] AndroidManifest.xml:49:17-37
79            <meta-data
79-->[:unityLibrary] AndroidManifest.xml:50:13-52:40
80                android:name="android.notch_support"
80-->[:unityLibrary] AndroidManifest.xml:51:17-53
81                android:value="true" />
81-->[:unityLibrary] AndroidManifest.xml:52:17-37
82        </activity>
83
84        <meta-data
84-->[:unityLibrary] AndroidManifest.xml:55:9-57:36
85            android:name="unity.tango-enable"
85-->[:unityLibrary] AndroidManifest.xml:56:13-46
86            android:value="True" />
86-->[:unityLibrary] AndroidManifest.xml:57:13-33
87        <meta-data
87-->[:unityLibrary] AndroidManifest.xml:58:9-60:36
88            android:name="unityplayer.SkipPermissionsDialog"
88-->[:unityLibrary] AndroidManifest.xml:59:13-61
89            android:value="true" />
89-->[:unityLibrary] AndroidManifest.xml:60:13-33
90        <meta-data
90-->[:unityLibrary] AndroidManifest.xml:61:9-63:33
91            android:name="unity.splash-mode"
91-->[:unityLibrary] AndroidManifest.xml:62:13-45
92            android:value="0" />
92-->[:unityLibrary] AndroidManifest.xml:63:13-30
93        <meta-data
93-->[:unityLibrary] AndroidManifest.xml:64:9-66:36
94            android:name="unity.splash-enable"
94-->[:unityLibrary] AndroidManifest.xml:65:13-47
95            android:value="True" />
95-->[:unityLibrary] AndroidManifest.xml:66:13-33
96        <meta-data
96-->[:unityLibrary] AndroidManifest.xml:67:9-69:36
97            android:name="unity.launch-fullscreen"
97-->[:unityLibrary] AndroidManifest.xml:68:13-51
98            android:value="True" />
98-->[:unityLibrary] AndroidManifest.xml:69:13-33
99        <meta-data
99-->[:unityLibrary] AndroidManifest.xml:70:9-72:37
100            android:name="unity.allow-resizable-window"
100-->[:unityLibrary] AndroidManifest.xml:71:13-56
101            android:value="False" />
101-->[:unityLibrary] AndroidManifest.xml:72:13-34
102        <meta-data
102-->[:unityLibrary] AndroidManifest.xml:73:9-75:50
103            android:name="notch.config"
103-->[:unityLibrary] AndroidManifest.xml:74:13-40
104            android:value="portrait|landscape" />
104-->[:unityLibrary] AndroidManifest.xml:75:13-47
105        <meta-data
105-->[:unityLibrary] AndroidManifest.xml:76:9-78:68
106            android:name="unity.build-id"
106-->[:unityLibrary] AndroidManifest.xml:77:13-42
107            android:value="7824be9e-eb0f-4d90-9ebf-3fa78e5a5f50" /> <!-- This activity is critical for installing ARCore when it is not already present. -->
107-->[:unityLibrary] AndroidManifest.xml:78:13-65
108        <activity
108-->[:arcore_client:] AndroidManifest.xml:31:9-37:80
109            android:name="com.google.ar.core.InstallActivity"
109-->[:arcore_client:] AndroidManifest.xml:32:13-62
110            android:configChanges="keyboardHidden|orientation|screenSize"
110-->[:arcore_client:] AndroidManifest.xml:33:13-74
111            android:excludeFromRecents="true"
111-->[:arcore_client:] AndroidManifest.xml:34:13-46
112            android:exported="false"
112-->[:arcore_client:] AndroidManifest.xml:35:13-37
113            android:launchMode="singleTop"
113-->[:arcore_client:] AndroidManifest.xml:36:13-43
114            android:theme="@android:style/Theme.Material.Light.Dialog.Alert" /> <!-- The minimal version code of ARCore APK required for an app using this SDK. -->
114-->[:arcore_client:] AndroidManifest.xml:37:13-77
115        <meta-data
115-->[:arcore_client:] AndroidManifest.xml:39:9-41:41
116            android:name="com.google.ar.core.min_apk_version"
116-->[:arcore_client:] AndroidManifest.xml:40:13-62
117            android:value="180129103" />
117-->[:arcore_client:] AndroidManifest.xml:41:13-38
118        <meta-data
118-->[:google_ar_required:] AndroidManifest.xml:7:9-81
119            android:name="com.google.ar.core"
119-->[:google_ar_required:] AndroidManifest.xml:7:20-53
120            android:value="required" />
120-->[:google_ar_required:] AndroidManifest.xml:7:54-78
121
122        <provider
122-->[:libtelemetry-full-release:] AndroidManifest.xml:19:9-23:39
123            android:name="com.mapbox.android.telemetry.provider.MapboxTelemetryInitProvider"
123-->[:libtelemetry-full-release:] AndroidManifest.xml:20:13-93
124            android:authorities="com.capstone.arnavplz.mapboxtelemetryinitprovider"
124-->[:libtelemetry-full-release:] AndroidManifest.xml:21:13-79
125            android:exported="false"
125-->[:libtelemetry-full-release:] AndroidManifest.xml:22:13-37
126            android:initOrder="100" />
126-->[:libtelemetry-full-release:] AndroidManifest.xml:23:13-36
127
128        <service
128-->[:libtelemetry-full-release:] AndroidManifest.xml:25:9-27:72
129            android:name="com.mapbox.android.telemetry.crash.CrashReporterJobIntentService"
129-->[:libtelemetry-full-release:] AndroidManifest.xml:26:13-92
130            android:permission="android.permission.BIND_JOB_SERVICE" />
130-->[:libtelemetry-full-release:] AndroidManifest.xml:27:13-69
131    </application>
132
133</manifest>